[error] Failed to fetch Firebase Project from Studio Workspace because WORKSPACE_SLUG environment variable is empty
[error] Failed to fetch Firebase Project from Studio Workspace because WORKSPACE_SLUG environment variable is empty
[debug] [2026-02-08T21:06:17.170Z] > command requires scopes: ["email","openid","https://www.googleapis.com/auth/cloudplatformprojects.readonly","https://www.googleapis.com/auth/firebase","https://www.googleapis.com/auth/cloud-platform","https://www.googleapis.com/auth/userinfo.email"]
[error] Failed to fetch Firebase Project from Studio Workspace because WORKSPACE_SLUG environment variable is empty
[error] Failed to fetch Firebase Project from Studio Workspace because WORKSPACE_SLUG environment variable is empty
[error] Failed to fetch Firebase Project from Studio Workspace because WORKSPACE_SLUG environment variable is empty
[error] Failed to fetch Firebase Project from Studio Workspace because WORKSPACE_SLUG environment variable is empty
[debug] [2026-02-08T21:07:17.157Z] > command requires scopes: ["email","openid","https://www.googleapis.com/auth/cloudplatformprojects.readonly","https://www.googleapis.com/auth/firebase","https://www.googleapis.com/auth/cloud-platform","https://www.googleapis.com/auth/userinfo.email"]
[debug] [2026-02-08T21:07:17.158Z] > command requires scopes: ["email","openid","https://www.googleapis.com/auth/cloudplatformprojects.readonly","https://www.googleapis.com/auth/firebase","https://www.googleapis.com/auth/cloud-platform","https://www.googleapis.com/auth/userinfo.email"]
[error] Failed to fetch Firebase Project from Studio Workspace because WORKSPACE_SLUG environment variable is empty
[error] Failed to fetch Firebase Project from Studio Workspace because WORKSPACE_SLUG environment variable is empty
[debug] [2026-02-08T21:09:30.732Z] > command requires scopes: ["email","openid","https://www.googleapis.com/auth/cloudplatformprojects.readonly","https://www.googleapis.com/auth/firebase","https://www.googleapis.com/auth/cloud-platform","https://www.googleapis.com/auth/userinfo.email"]
[debug] [2026-02-08T21:09:40.256Z] Running auto auth
[debug] [2026-02-08T21:09:40.295Z] No OAuth tokens found
[debug] [2026-02-08T21:09:40.304Z] >>> [apiv2][query] GET https://cloudbilling.googleapis.com/v1/projects/studio-2996204095-9126f/billingInfo [none]
[debug] [2026-02-08T21:09:40.529Z] <<< [apiv2][status] GET https://cloudbilling.googleapis.com/v1/projects/studio-2996204095-9126f/billingInfo 200
[debug] [2026-02-08T21:09:40.533Z] <<< [apiv2][body] GET https://cloudbilling.googleapis.com/v1/projects/studio-2996204095-9126f/billingInfo {"name":"projects/studio-2996204095-9126f/billingInfo","projectId":"studio-2996204095-9126f","billingAccountName":"","billingEnabled":false}
[debug] [2026-02-08T21:09:40.550Z] No OAuth tokens found
[debug] [2026-02-08T21:09:40.551Z] No OAuth tokens found
[debug] [2026-02-08T21:09:40.552Z] No OAuth tokens found
[debug] [2026-02-08T21:09:40.553Z] No OAuth tokens found
[debug] [2026-02-08T21:09:40.554Z] No OAuth tokens found
[debug] [2026-02-08T21:09:40.554Z] No OAuth tokens found
[debug] [2026-02-08T21:09:40.555Z] No OAuth tokens found
[debug] [2026-02-08T21:09:40.575Z] No OAuth tokens found
[debug] [2026-02-08T21:09:40.575Z] No OAuth tokens found
[debug] [2026-02-08T21:09:40.576Z] >>> [apiv2][query] GET https://serviceusage.googleapis.com/v1/projects/studio-2996204095-9126f/services/firestore.googleapis.com [none]
[debug] [2026-02-08T21:09:40.576Z] >>> [apiv2][(partial)header] GET https://serviceusage.googleapis.com/v1/projects/studio-2996204095-9126f/services/firestore.googleapis.com  x-goog-user-project=studio-2996204095-9126f
[debug] [2026-02-08T21:09:40.579Z] >>> [apiv2][query] GET https://serviceusage.googleapis.com/v1/projects/studio-2996204095-9126f/services/storage.googleapis.com [none]
[debug] [2026-02-08T21:09:40.579Z] >>> [apiv2][(partial)header] GET https://serviceusage.googleapis.com/v1/projects/studio-2996204095-9126f/services/storage.googleapis.com  x-goog-user-project=studio-2996204095-9126f
[debug] [2026-02-08T21:09:40.581Z] >>> [apiv2][query] GET https://serviceusage.googleapis.com/v1/projects/studio-2996204095-9126f/services/firebasedataconnect.googleapis.com [none]
[debug] [2026-02-08T21:09:40.582Z] >>> [apiv2][(partial)header] GET https://serviceusage.googleapis.com/v1/projects/studio-2996204095-9126f/services/firebasedataconnect.googleapis.com  x-goog-user-project=studio-2996204095-9126f
[debug] [2026-02-08T21:09:40.584Z] >>> [apiv2][query] GET https://serviceusage.googleapis.com/v1/projects/studio-2996204095-9126f/services/identitytoolkit.googleapis.com [none]
[debug] [2026-02-08T21:09:40.584Z] >>> [apiv2][(partial)header] GET https://serviceusage.googleapis.com/v1/projects/studio-2996204095-9126f/services/identitytoolkit.googleapis.com  x-goog-user-project=studio-2996204095-9126f
[debug] [2026-02-08T21:09:40.586Z] >>> [apiv2][query] GET https://serviceusage.googleapis.com/v1/projects/studio-2996204095-9126f/services/fcm.googleapis.com [none]
[debug] [2026-02-08T21:09:40.587Z] >>> [apiv2][(partial)header] GET https://serviceusage.googleapis.com/v1/projects/studio-2996204095-9126f/services/fcm.googleapis.com  x-goog-user-project=studio-2996204095-9126f
[debug] [2026-02-08T21:09:40.588Z] >>> [apiv2][query] GET https://serviceusage.googleapis.com/v1/projects/studio-2996204095-9126f/services/cloudfunctions.googleapis.com [none]
[debug] [2026-02-08T21:09:40.588Z] >>> [apiv2][(partial)header] GET https://serviceusage.googleapis.com/v1/projects/studio-2996204095-9126f/services/cloudfunctions.googleapis.com  x-goog-user-project=studio-2996204095-9126f
[debug] [2026-02-08T21:09:40.591Z] >>> [apiv2][query] GET https://serviceusage.googleapis.com/v1/projects/studio-2996204095-9126f/services/firebaseremoteconfig.googleapis.com [none]
[debug] [2026-02-08T21:09:40.591Z] >>> [apiv2][(partial)header] GET https://serviceusage.googleapis.com/v1/projects/studio-2996204095-9126f/services/firebaseremoteconfig.googleapis.com  x-goog-user-project=studio-2996204095-9126f
[debug] [2026-02-08T21:09:40.593Z] >>> [apiv2][query] GET https://serviceusage.googleapis.com/v1/projects/studio-2996204095-9126f/services/firebaseapphosting.googleapis.com [none]
[debug] [2026-02-08T21:09:40.593Z] >>> [apiv2][(partial)header] GET https://serviceusage.googleapis.com/v1/projects/studio-2996204095-9126f/services/firebaseapphosting.googleapis.com  x-goog-user-project=studio-2996204095-9126f
[debug] [2026-02-08T21:09:40.595Z] >>> [apiv2][query] GET https://serviceusage.googleapis.com/v1/projects/studio-2996204095-9126f/services/firebaseio.com [none]
[debug] [2026-02-08T21:09:40.595Z] >>> [apiv2][(partial)header] GET https://serviceusage.googleapis.com/v1/projects/studio-2996204095-9126f/services/firebaseio.com  x-goog-user-project=studio-2996204095-9126f
[debug] [2026-02-08T21:09:41.328Z] <<< [apiv2][status] GET https://serviceusage.googleapis.com/v1/projects/studio-2996204095-9126f/services/firebaseio.com 403
[debug] [2026-02-08T21:09:41.332Z] <<< [apiv2][body] GET https://serviceusage.googleapis.com/v1/projects/studio-2996204095-9126f/services/firebaseio.com [omitted]
[debug] [2026-02-08T21:09:41.357Z] <<< [apiv2][status] GET https://serviceusage.googleapis.com/v1/projects/studio-2996204095-9126f/services/fcm.googleapis.com 200
[debug] [2026-02-08T21:09:41.357Z] <<< [apiv2][body] GET https://serviceusage.googleapis.com/v1/projects/studio-2996204095-9126f/services/fcm.googleapis.com [omitted]
[debug] [2026-02-08T21:09:41.390Z] <<< [apiv2][status] GET https://serviceusage.googleapis.com/v1/projects/studio-2996204095-9126f/services/firebasedataconnect.googleapis.com 200
[debug] [2026-02-08T21:09:41.390Z] <<< [apiv2][body] GET https://serviceusage.googleapis.com/v1/projects/studio-2996204095-9126f/services/firebasedataconnect.googleapis.com [omitted]
[debug] [2026-02-08T21:09:41.392Z] <<< [apiv2][status] GET https://serviceusage.googleapis.com/v1/projects/studio-2996204095-9126f/services/firebaseapphosting.googleapis.com 200
[debug] [2026-02-08T21:09:41.393Z] <<< [apiv2][body] GET https://serviceusage.googleapis.com/v1/projects/studio-2996204095-9126f/services/firebaseapphosting.googleapis.com [omitted]
[debug] [2026-02-08T21:09:41.393Z] <<< [apiv2][status] GET https://serviceusage.googleapis.com/v1/projects/studio-2996204095-9126f/services/firebaseremoteconfig.googleapis.com 200
[debug] [2026-02-08T21:09:41.393Z] <<< [apiv2][body] GET https://serviceusage.googleapis.com/v1/projects/studio-2996204095-9126f/services/firebaseremoteconfig.googleapis.com [omitted]
[debug] [2026-02-08T21:09:41.418Z] <<< [apiv2][status] GET https://serviceusage.googleapis.com/v1/projects/studio-2996204095-9126f/services/firestore.googleapis.com 200
[debug] [2026-02-08T21:09:41.420Z] <<< [apiv2][body] GET https://serviceusage.googleapis.com/v1/projects/studio-2996204095-9126f/services/firestore.googleapis.com [omitted]
[debug] [2026-02-08T21:09:41.441Z] <<< [apiv2][status] GET https://serviceusage.googleapis.com/v1/projects/studio-2996204095-9126f/services/cloudfunctions.googleapis.com 200
[debug] [2026-02-08T21:09:41.442Z] <<< [apiv2][body] GET https://serviceusage.googleapis.com/v1/projects/studio-2996204095-9126f/services/cloudfunctions.googleapis.com [omitted]
[debug] [2026-02-08T21:09:41.448Z] <<< [apiv2][status] GET https://serviceusage.googleapis.com/v1/projects/studio-2996204095-9126f/services/identitytoolkit.googleapis.com 200
[debug] [2026-02-08T21:09:41.453Z] <<< [apiv2][body] GET https://serviceusage.googleapis.com/v1/projects/studio-2996204095-9126f/services/identitytoolkit.googleapis.com [omitted]
[debug] [2026-02-08T21:09:41.472Z] <<< [apiv2][status] GET https://serviceusage.googleapis.com/v1/projects/studio-2996204095-9126f/services/storage.googleapis.com 200
[debug] [2026-02-08T21:09:41.473Z] <<< [apiv2][body] GET https://serviceusage.googleapis.com/v1/projects/studio-2996204095-9126f/services/storage.googleapis.com [omitted]
[error] Failed to fetch Firebase Project from Studio Workspace because WORKSPACE_SLUG environment variable is empty
[error] Failed to fetch Firebase Project from Studio Workspace because WORKSPACE_SLUG environment variable is empty
[error] Failed to fetch Firebase Project from Studio Workspace because WORKSPACE_SLUG environment variable is empty
[debug] [2026-02-08T21:09:41.492Z] > command requires scopes: ["email","openid","https://www.googleapis.com/auth/cloudplatformprojects.readonly","https://www.googleapis.com/auth/firebase","https://www.googleapis.com/auth/cloud-platform","https://www.googleapis.com/auth/userinfo.email"]
[debug] [2026-02-08T21:09:41.492Z] > authorizing via signed-in user (enquires@philswebdesign.com)
[debug] [2026-02-08T21:09:41.493Z] No OAuth tokens found
[debug] [2026-02-08T21:09:41.493Z] >>> [apiv2][query] GET https://cloudbilling.googleapis.com/v1/projects/studio-2996204095-9126f/billingInfo [none]
[debug] [2026-02-08T21:09:41.675Z] <<< [apiv2][status] GET https://cloudbilling.googleapis.com/v1/projects/studio-2996204095-9126f/billingInfo 200
[debug] [2026-02-08T21:09:41.676Z] <<< [apiv2][body] GET https://cloudbilling.googleapis.com/v1/projects/studio-2996204095-9126f/billingInfo {"name":"projects/studio-2996204095-9126f/billingInfo","projectId":"studio-2996204095-9126f","billingAccountName":"","billingEnabled":false}
[error] Failed to fetch Firebase Project from Studio Workspace because WORKSPACE_SLUG environment variable is empty
[debug] [2026-02-08T21:09:41.681Z] > command requires scopes: ["email","openid","https://www.googleapis.com/auth/cloudplatformprojects.readonly","https://www.googleapis.com/auth/firebase","https://www.googleapis.com/auth/cloud-platform","https://www.googleapis.com/auth/userinfo.email"]
[debug] [2026-02-08T21:09:41.684Z] > authorizing via signed-in user (enquires@philswebdesign.com)
[error] Failed to fetch Firebase Project from Studio Workspace because WORKSPACE_SLUG environment variable is empty
[error] Failed to fetch Firebase Project from Studio Workspace because WORKSPACE_SLUG environment variable is empty
[error] Failed to fetch Firebase Project from Studio Workspace because WORKSPACE_SLUG environment variable is empty
[debug] [2026-02-08T21:09:41.711Z] > command requires scopes: ["email","openid","https://www.googleapis.com/auth/cloudplatformprojects.readonly","https://www.googleapis.com/auth/firebase","https://www.googleapis.com/auth/cloud-platform","https://www.googleapis.com/auth/userinfo.email"]
[debug] [2026-02-08T21:09:41.711Z] > authorizing via signed-in user (enquires@philswebdesign.com)
[debug] [2026-02-08T21:09:41.712Z] No OAuth tokens found
[debug] [2026-02-08T21:09:41.712Z] >>> [apiv2][query] GET https://cloudbilling.googleapis.com/v1/projects/studio-2996204095-9126f/billingInfo [none]
[error] Failed to fetch Firebase Project from Studio Workspace because WORKSPACE_SLUG environment variable is empty
[error] Failed to fetch Firebase Project from Studio Workspace because WORKSPACE_SLUG environment variable is empty
[error] Failed to fetch Firebase Project from Studio Workspace because WORKSPACE_SLUG environment variable is empty
[debug] [2026-02-08T21:09:41.721Z] > command requires scopes: ["email","openid","https://www.googleapis.com/auth/cloudplatformprojects.readonly","https://www.googleapis.com/auth/firebase","https://www.googleapis.com/auth/cloud-platform","https://www.googleapis.com/auth/userinfo.email"]
[debug] [2026-02-08T21:09:41.721Z] > authorizing via signed-in user (enquires@philswebdesign.com)
[debug] [2026-02-08T21:09:41.722Z] No OAuth tokens found
[debug] [2026-02-08T21:09:41.722Z] >>> [apiv2][query] GET https://cloudbilling.googleapis.com/v1/projects/studio-2996204095-9126f/billingInfo [none]
[debug] [2026-02-08T21:09:41.889Z] <<< [apiv2][status] GET https://cloudbilling.googleapis.com/v1/projects/studio-2996204095-9126f/billingInfo 200
[debug] [2026-02-08T21:09:41.892Z] <<< [apiv2][body] GET https://cloudbilling.googleapis.com/v1/projects/studio-2996204095-9126f/billingInfo {"name":"projects/studio-2996204095-9126f/billingInfo","projectId":"studio-2996204095-9126f","billingAccountName":"","billingEnabled":false}
[error] Failed to fetch Firebase Project from Studio Workspace because WORKSPACE_SLUG environment variable is empty
[debug] [2026-02-08T21:09:41.894Z] > command requires scopes: ["email","openid","https://www.googleapis.com/auth/cloudplatformprojects.readonly","https://www.googleapis.com/auth/firebase","https://www.googleapis.com/auth/cloud-platform","https://www.googleapis.com/auth/userinfo.email"]
[debug] [2026-02-08T21:09:41.902Z] > authorizing via signed-in user (enquires@philswebdesign.com)
[debug] [2026-02-08T21:09:41.912Z] <<< [apiv2][status] GET https://cloudbilling.googleapis.com/v1/projects/studio-2996204095-9126f/billingInfo 200
[debug] [2026-02-08T21:09:41.912Z] <<< [apiv2][body] GET https://cloudbilling.googleapis.com/v1/projects/studio-2996204095-9126f/billingInfo {"name":"projects/studio-2996204095-9126f/billingInfo","projectId":"studio-2996204095-9126f","billingAccountName":"","billingEnabled":false}
[error] Failed to fetch Firebase Project from Studio Workspace because WORKSPACE_SLUG environment variable is empty
[debug] [2026-02-08T21:09:41.916Z] > command requires scopes: ["email","openid","https://www.googleapis.com/auth/cloudplatformprojects.readonly","https://www.googleapis.com/auth/firebase","https://www.googleapis.com/auth/cloud-platform","https://www.googleapis.com/auth/userinfo.email"]
[debug] [2026-02-08T21:09:41.916Z] > authorizing via signed-in user (enquires@philswebdesign.com)
[error] Failed to fetch Firebase Project from Studio Workspace because WORKSPACE_SLUG environment variable is empty
[error] Failed to fetch Firebase Project from Studio Workspace because WORKSPACE_SLUG environment variable is empty
[debug] [2026-02-08T21:15:32.927Z] > command requires scopes: ["email","openid","https://www.googleapis.com/auth/cloudplatformprojects.readonly","https://www.googleapis.com/auth/firebase","https://www.googleapis.com/auth/cloud-platform","https://www.googleapis.com/auth/userinfo.email"]
[debug] [2026-02-08T21:15:32.928Z] > authorizing via signed-in user (enquires@philswebdesign.com)
[debug] [2026-02-08T21:15:32.930Z] No OAuth tokens found
[debug] [2026-02-08T21:15:32.931Z] No OAuth tokens found
[debug] [2026-02-08T21:15:32.931Z] > command requires scopes: ["email","openid","https://www.googleapis.com/auth/cloudplatformprojects.readonly","https://www.googleapis.com/auth/firebase","https://www.googleapis.com/auth/cloud-platform","https://www.googleapis.com/auth/userinfo.email"]
[debug] [2026-02-08T21:15:32.932Z] > authorizing via signed-in user (enquires@philswebdesign.com)
[debug] [2026-02-08T21:15:32.933Z] >>> [apiv2][query] GET https://cloudbilling.googleapis.com/v1/projects/studio-2996204095-9126f/billingInfo [none]
[debug] [2026-02-08T21:15:33.164Z] <<< [apiv2][status] GET https://cloudbilling.googleapis.com/v1/projects/studio-2996204095-9126f/billingInfo 200
[debug] [2026-02-08T21:15:33.165Z] <<< [apiv2][body] GET https://cloudbilling.googleapis.com/v1/projects/studio-2996204095-9126f/billingInfo {"name":"projects/studio-2996204095-9126f/billingInfo","projectId":"studio-2996204095-9126f","billingAccountName":"","billingEnabled":false}
[debug] [2026-02-08T21:15:33.180Z] No OAuth tokens found
[debug] [2026-02-08T21:15:33.181Z] No OAuth tokens found
[debug] [2026-02-08T21:15:33.181Z] > command requires scopes: ["email","openid","https://www.googleapis.com/auth/cloudplatformprojects.readonly","https://www.googleapis.com/auth/firebase","https://www.googleapis.com/auth/cloud-platform","https://www.googleapis.com/auth/userinfo.email"]
[debug] [2026-02-08T21:15:33.181Z] > authorizing via signed-in user (enquires@philswebdesign.com)
[debug] [2026-02-08T21:15:33.182Z] No OAuth tokens found
[debug] [2026-02-08T21:15:33.182Z] No OAuth tokens found
[debug] [2026-02-08T21:15:33.183Z] > command requires scopes: ["email","openid","https://www.googleapis.com/auth/cloudplatformprojects.readonly","https://www.googleapis.com/auth/firebase","https://www.googleapis.com/auth/cloud-platform","https://www.googleapis.com/auth/userinfo.email"]
[debug] [2026-02-08T21:15:33.183Z] > authorizing via signed-in user (enquires@philswebdesign.com)
[debug] [2026-02-08T21:15:33.204Z] No OAuth tokens found
[debug] [2026-02-08T21:15:33.205Z] No OAuth tokens found
[debug] [2026-02-08T21:15:33.205Z] > command requires scopes: ["email","openid","https://www.googleapis.com/auth/cloudplatformprojects.readonly","https://www.googleapis.com/auth/firebase","https://www.googleapis.com/auth/cloud-platform","https://www.googleapis.com/auth/userinfo.email"]
[debug] [2026-02-08T21:15:33.205Z] > authorizing via signed-in user (enquires@philswebdesign.com)
[debug] [2026-02-08T21:15:33.205Z] No OAuth tokens found
[debug] [2026-02-08T21:15:33.206Z] No OAuth tokens found
[debug] [2026-02-08T21:15:33.206Z] > command requires scopes: ["email","openid","https://www.googleapis.com/auth/cloudplatformprojects.readonly","https://www.googleapis.com/auth/firebase","https://www.googleapis.com/auth/cloud-platform","https://www.googleapis.com/auth/userinfo.email"]
[debug] [2026-02-08T21:15:33.206Z] > authorizing via signed-in user (enquires@philswebdesign.com)
[debug] [2026-02-08T21:15:33.206Z] >>> [apiv2][query] GET https://serviceusage.googleapis.com/v1/projects/studio-2996204095-9126f/services/firebasedataconnect.googleapis.com [none]
[debug] [2026-02-08T21:15:33.207Z] >>> [apiv2][(partial)header] GET https://serviceusage.googleapis.com/v1/projects/studio-2996204095-9126f/services/firebasedataconnect.googleapis.com  x-goog-user-project=studio-2996204095-9126f
[debug] [2026-02-08T21:15:33.210Z] >>> [apiv2][query] GET https://serviceusage.googleapis.com/v1/projects/studio-2996204095-9126f/services/cloudfunctions.googleapis.com [none]
[debug] [2026-02-08T21:15:33.210Z] >>> [apiv2][(partial)header] GET https://serviceusage.googleapis.com/v1/projects/studio-2996204095-9126f/services/cloudfunctions.googleapis.com  x-goog-user-project=studio-2996204095-9126f
[debug] [2026-02-08T21:15:33.212Z] >>> [apiv2][query] GET https://serviceusage.googleapis.com/v1/projects/studio-2996204095-9126f/services/firebaseapphosting.googleapis.com [none]
[debug] [2026-02-08T21:15:33.212Z] >>> [apiv2][(partial)header] GET https://serviceusage.googleapis.com/v1/projects/studio-2996204095-9126f/services/firebaseapphosting.googleapis.com  x-goog-user-project=studio-2996204095-9126f
[debug] [2026-02-08T21:15:33.214Z] >>> [apiv2][query] GET https://serviceusage.googleapis.com/v1/projects/studio-2996204095-9126f/services/firebaseio.com [none]
[debug] [2026-02-08T21:15:33.214Z] >>> [apiv2][(partial)header] GET https://serviceusage.googleapis.com/v1/projects/studio-2996204095-9126f/services/firebaseio.com  x-goog-user-project=studio-2996204095-9126f
[debug] [2026-02-08T21:15:33.550Z] <<< [apiv2][status] GET https://serviceusage.googleapis.com/v1/projects/studio-2996204095-9126f/services/firebaseapphosting.googleapis.com 200
[debug] [2026-02-08T21:15:33.550Z] <<< [apiv2][body] GET https://serviceusage.googleapis.com/v1/projects/studio-2996204095-9126f/services/firebaseapphosting.googleapis.com [omitted]
[debug] [2026-02-08T21:15:33.896Z] <<< [apiv2][status] GET https://serviceusage.googleapis.com/v1/projects/studio-2996204095-9126f/services/firebaseio.com 403
[debug] [2026-02-08T21:15:33.896Z] <<< [apiv2][body] GET https://serviceusage.googleapis.com/v1/projects/studio-2996204095-9126f/services/firebaseio.com [omitted]
[debug] [2026-02-08T21:15:33.985Z] <<< [apiv2][status] GET https://serviceusage.googleapis.com/v1/projects/studio-2996204095-9126f/services/cloudfunctions.googleapis.com 200
[debug] [2026-02-08T21:15:33.985Z] <<< [apiv2][body] GET https://serviceusage.googleapis.com/v1/projects/studio-2996204095-9126f/services/cloudfunctions.googleapis.com [omitted]
[debug] [2026-02-08T21:15:34.017Z] <<< [apiv2][status] GET https://serviceusage.googleapis.com/v1/projects/studio-2996204095-9126f/services/firebasedataconnect.googleapis.com 200
[debug] [2026-02-08T21:15:34.017Z] <<< [apiv2][body] GET https://serviceusage.googleapis.com/v1/projects/studio-2996204095-9126f/services/firebasedataconnect.googleapis.com [omitted]
[error] Failed to fetch Firebase Project from Studio Workspace because WORKSPACE_SLUG environment variable is empty
[error] Failed to fetch Firebase Project from Studio Workspace because WORKSPACE_SLUG environment variable is empty
[error] Failed to fetch Firebase Project from Studio Workspace because WORKSPACE_SLUG environment variable is empty
[debug] [2026-02-08T21:15:34.033Z] > command requires scopes: ["email","openid","https://www.googleapis.com/auth/cloudplatformprojects.readonly","https://www.googleapis.com/auth/firebase","https://www.googleapis.com/auth/cloud-platform","https://www.googleapis.com/auth/userinfo.email"]
[debug] [2026-02-08T21:15:34.033Z] > authorizing via signed-in user (enquires@philswebdesign.com)
[debug] [2026-02-08T21:15:34.033Z] No OAuth tokens found
[debug] [2026-02-08T21:15:34.033Z] No OAuth tokens found
[debug] [2026-02-08T21:15:34.034Z] > command requires scopes: ["email","openid","https://www.googleapis.com/auth/cloudplatformprojects.readonly","https://www.googleapis.com/auth/firebase","https://www.googleapis.com/auth/cloud-platform","https://www.googleapis.com/auth/userinfo.email"]
[debug] [2026-02-08T21:15:34.034Z] > authorizing via signed-in user (enquires@philswebdesign.com)
[debug] [2026-02-08T21:15:34.034Z] >>> [apiv2][query] GET https://cloudbilling.googleapis.com/v1/projects/studio-2996204095-9126f/billingInfo [none]
[debug] [2026-02-08T21:15:34.203Z] <<< [apiv2][status] GET https://cloudbilling.googleapis.com/v1/projects/studio-2996204095-9126f/billingInfo 200
[debug] [2026-02-08T21:15:34.207Z] <<< [apiv2][body] GET https://cloudbilling.googleapis.com/v1/projects/studio-2996204095-9126f/billingInfo {"name":"projects/studio-2996204095-9126f/billingInfo","projectId":"studio-2996204095-9126f","billingAccountName":"","billingEnabled":false}
[error] Failed to fetch Firebase Project from Studio Workspace because WORKSPACE_SLUG environment variable is empty
[debug] [2026-02-08T21:15:34.211Z] > command requires scopes: ["email","openid","https://www.googleapis.com/auth/cloudplatformprojects.readonly","https://www.googleapis.com/auth/firebase","https://www.googleapis.com/auth/cloud-platform","https://www.googleapis.com/auth/userinfo.email"]
[debug] [2026-02-08T21:15:34.211Z] > authorizing via signed-in user (enquires@philswebdesign.com)
[error] Failed to fetch Firebase Project from Studio Workspace because WORKSPACE_SLUG environment variable is empty
[error] Failed to fetch Firebase Project from Studio Workspace because WORKSPACE_SLUG environment variable is empty
[error] Failed to fetch Firebase Project from Studio Workspace because WORKSPACE_SLUG environment variable is empty
[debug] [2026-02-08T21:15:34.247Z] > command requires scopes: ["email","openid","https://www.googleapis.com/auth/cloudplatformprojects.readonly","https://www.googleapis.com/auth/firebase","https://www.googleapis.com/auth/cloud-platform","https://www.googleapis.com/auth/userinfo.email"]
[debug] [2026-02-08T21:15:34.247Z] > authorizing via signed-in user (enquires@philswebdesign.com)
[debug] [2026-02-08T21:15:34.247Z] No OAuth tokens found
[debug] [2026-02-08T21:15:34.249Z] No OAuth tokens found
[debug] [2026-02-08T21:15:34.249Z] > command requires scopes: ["email","openid","https://www.googleapis.com/auth/cloudplatformprojects.readonly","https://www.googleapis.com/auth/firebase","https://www.googleapis.com/auth/cloud-platform","https://www.googleapis.com/auth/userinfo.email"]
[debug] [2026-02-08T21:15:34.249Z] > authorizing via signed-in user (enquires@philswebdesign.com)
[debug] [2026-02-08T21:15:34.249Z] >>> [apiv2][query] GET https://cloudbilling.googleapis.com/v1/projects/studio-2996204095-9126f/billingInfo [none]
[error] Failed to fetch Firebase Project from Studio Workspace because WORKSPACE_SLUG environment variable is empty
[error] Failed to fetch Firebase Project from Studio Workspace because WORKSPACE_SLUG environment variable is empty
[error] Failed to fetch Firebase Project from Studio Workspace because WORKSPACE_SLUG environment variable is empty
[debug] [2026-02-08T21:15:34.255Z] > command requires scopes: ["email","openid","https://www.googleapis.com/auth/cloudplatformprojects.readonly","https://www.googleapis.com/auth/firebase","https://www.googleapis.com/auth/cloud-platform","https://www.googleapis.com/auth/userinfo.email"]
[debug] [2026-02-08T21:15:34.255Z] > authorizing via signed-in user (enquires@philswebdesign.com)
[debug] [2026-02-08T21:15:34.255Z] No OAuth tokens found
[debug] [2026-02-08T21:15:34.256Z] No OAuth tokens found
[debug] [2026-02-08T21:15:34.256Z] > command requires scopes: ["email","openid","https://www.googleapis.com/auth/cloudplatformprojects.readonly","https://www.googleapis.com/auth/firebase","https://www.googleapis.com/auth/cloud-platform","https://www.googleapis.com/auth/userinfo.email"]
[debug] [2026-02-08T21:15:34.256Z] > authorizing via signed-in user (enquires@philswebdesign.com)
[debug] [2026-02-08T21:15:34.256Z] >>> [apiv2][query] GET https://cloudbilling.googleapis.com/v1/projects/studio-2996204095-9126f/billingInfo [none]
[debug] [2026-02-08T21:15:34.413Z] <<< [apiv2][status] GET https://cloudbilling.googleapis.com/v1/projects/studio-2996204095-9126f/billingInfo 200
[debug] [2026-02-08T21:15:34.414Z] <<< [apiv2][body] GET https://cloudbilling.googleapis.com/v1/projects/studio-2996204095-9126f/billingInfo {"name":"projects/studio-2996204095-9126f/billingInfo","projectId":"studio-2996204095-9126f","billingAccountName":"","billingEnabled":false}
[error] Failed to fetch Firebase Project from Studio Workspace because WORKSPACE_SLUG environment variable is empty
[debug] [2026-02-08T21:15:34.417Z] > command requires scopes: ["email","openid","https://www.googleapis.com/auth/cloudplatformprojects.readonly","https://www.googleapis.com/auth/firebase","https://www.googleapis.com/auth/cloud-platform","https://www.googleapis.com/auth/userinfo.email"]
[debug] [2026-02-08T21:15:34.419Z] > authorizing via signed-in user (enquires@philswebdesign.com)
[debug] [2026-02-08T21:15:34.488Z] <<< [apiv2][status] GET https://cloudbilling.googleapis.com/v1/projects/studio-2996204095-9126f/billingInfo 200
[debug] [2026-02-08T21:15:34.489Z] <<< [apiv2][body] GET https://cloudbilling.googleapis.com/v1/projects/studio-2996204095-9126f/billingInfo {"name":"projects/studio-2996204095-9126f/billingInfo","projectId":"studio-2996204095-9126f","billingAccountName":"","billingEnabled":false}
[error] Failed to fetch Firebase Project from Studio Workspace because WORKSPACE_SLUG environment variable is empty
[debug] [2026-02-08T21:15:34.496Z] > command requires scopes: ["email","openid","https://www.googleapis.com/auth/cloudplatformprojects.readonly","https://www.googleapis.com/auth/firebase","https://www.googleapis.com/auth/cloud-platform","https://www.googleapis.com/auth/userinfo.email"]
[debug] [2026-02-08T21:15:34.496Z] > authorizing via signed-in user (enquires@philswebdesign.com)
[error] Failed to fetch Firebase Project from Studio Workspace because WORKSPACE_SLUG environment variable is empty
[error] Failed to fetch Firebase Project from Studio Workspace because WORKSPACE_SLUG environment variable is empty
[debug] [2026-02-08T21:30:06.534Z] > command requires scopes: ["email","openid","https://www.googleapis.com/auth/cloudplatformprojects.readonly","https://www.googleapis.com/auth/firebase","https://www.googleapis.com/auth/cloud-platform","https://www.googleapis.com/auth/userinfo.email"]
[debug] [2026-02-08T21:30:06.535Z] > authorizing via signed-in user (enquires@philswebdesign.com)
[debug] [2026-02-08T21:30:06.537Z] No OAuth tokens found
[debug] [2026-02-08T21:30:06.538Z] No OAuth tokens found
[debug] [2026-02-08T21:30:06.538Z] > command requires scopes: ["email","openid","https://www.googleapis.com/auth/cloudplatformprojects.readonly","https://www.googleapis.com/auth/firebase","https://www.googleapis.com/auth/cloud-platform","https://www.googleapis.com/auth/userinfo.email"]
[debug] [2026-02-08T21:30:06.539Z] > authorizing via signed-in user (enquires@philswebdesign.com)
[debug] [2026-02-08T21:30:06.546Z] >>> [apiv2][query] GET https://cloudbilling.googleapis.com/v1/projects/studio-2996204095-9126f/billingInfo [none]
[debug] [2026-02-08T21:30:07.231Z] <<< [apiv2][status] GET https://cloudbilling.googleapis.com/v1/projects/studio-2996204095-9126f/billingInfo 200
[debug] [2026-02-08T21:30:07.232Z] <<< [apiv2][body] GET https://cloudbilling.googleapis.com/v1/projects/studio-2996204095-9126f/billingInfo {"name":"projects/studio-2996204095-9126f/billingInfo","projectId":"studio-2996204095-9126f","billingAccountName":"","billingEnabled":false}
[debug] [2026-02-08T21:30:07.247Z] No OAuth tokens found
[debug] [2026-02-08T21:30:07.248Z] No OAuth tokens found
[debug] [2026-02-08T21:30:07.248Z] > command requires scopes: ["email","openid","https://www.googleapis.com/auth/cloudplatformprojects.readonly","https://www.googleapis.com/auth/firebase","https://www.googleapis.com/auth/cloud-platform","https://www.googleapis.com/auth/userinfo.email"]
[debug] [2026-02-08T21:30:07.248Z] > authorizing via signed-in user (enquires@philswebdesign.com)
[debug] [2026-02-08T21:30:07.249Z] No OAuth tokens found
[debug] [2026-02-08T21:30:07.249Z] No OAuth tokens found
[debug] [2026-02-08T21:30:07.249Z] > command requires scopes: ["email","openid","https://www.googleapis.com/auth/cloudplatformprojects.readonly","https://www.googleapis.com/auth/firebase","https://www.googleapis.com/auth/cloud-platform","https://www.googleapis.com/auth/userinfo.email"]
[debug] [2026-02-08T21:30:07.250Z] > authorizing via signed-in user (enquires@philswebdesign.com)
[debug] [2026-02-08T21:30:07.270Z] No OAuth tokens found
[debug] [2026-02-08T21:30:07.270Z] No OAuth tokens found
[debug] [2026-02-08T21:30:07.270Z] > command requires scopes: ["email","openid","https://www.googleapis.com/auth/cloudplatformprojects.readonly","https://www.googleapis.com/auth/firebase","https://www.googleapis.com/auth/cloud-platform","https://www.googleapis.com/auth/userinfo.email"]
[debug] [2026-02-08T21:30:07.271Z] > authorizing via signed-in user (enquires@philswebdesign.com)
[debug] [2026-02-08T21:30:07.271Z] No OAuth tokens found
[debug] [2026-02-08T21:30:07.271Z] No OAuth tokens found
[debug] [2026-02-08T21:30:07.272Z] > command requires scopes: ["email","openid","https://www.googleapis.com/auth/cloudplatformprojects.readonly","https://www.googleapis.com/auth/firebase","https://www.googleapis.com/auth/cloud-platform","https://www.googleapis.com/auth/userinfo.email"]
[debug] [2026-02-08T21:30:07.272Z] > authorizing via signed-in user (enquires@philswebdesign.com)
[debug] [2026-02-08T21:30:07.272Z] >>> [apiv2][query] GET https://serviceusage.googleapis.com/v1/projects/studio-2996204095-9126f/services/firebasedataconnect.googleapis.com [none]
[debug] [2026-02-08T21:30:07.272Z] >>> [apiv2][(partial)header] GET https://serviceusage.googleapis.com/v1/projects/studio-2996204095-9126f/services/firebasedataconnect.googleapis.com  x-goog-user-project=studio-2996204095-9126f
[debug] [2026-02-08T21:30:07.275Z] >>> [apiv2][query] GET https://serviceusage.googleapis.com/v1/projects/studio-2996204095-9126f/services/cloudfunctions.googleapis.com [none]
[debug] [2026-02-08T21:30:07.275Z] >>> [apiv2][(partial)header] GET https://serviceusage.googleapis.com/v1/projects/studio-2996204095-9126f/services/cloudfunctions.googleapis.com  x-goog-user-project=studio-2996204095-9126f
[debug] [2026-02-08T21:30:07.278Z] >>> [apiv2][query] GET https://serviceusage.googleapis.com/v1/projects/studio-2996204095-9126f/services/firebaseapphosting.googleapis.com [none]
[debug] [2026-02-08T21:30:07.278Z] >>> [apiv2][(partial)header] GET https://serviceusage.googleapis.com/v1/projects/studio-2996204095-9126f/services/firebaseapphosting.googleapis.com  x-goog-user-project=studio-2996204095-9126f
[debug] [2026-02-08T21:30:07.280Z] >>> [apiv2][query] GET https://serviceusage.googleapis.com/v1/projects/studio-2996204095-9126f/services/firebaseio.com [none]
[debug] [2026-02-08T21:30:07.281Z] >>> [apiv2][(partial)header] GET https://serviceusage.googleapis.com/v1/projects/studio-2996204095-9126f/services/firebaseio.com  x-goog-user-project=studio-2996204095-9126f
[debug] [2026-02-08T21:30:07.964Z] <<< [apiv2][status] GET https://serviceusage.googleapis.com/v1/projects/studio-2996204095-9126f/services/firebaseio.com 403
[debug] [2026-02-08T21:30:07.967Z] <<< [apiv2][body] GET https://serviceusage.googleapis.com/v1/projects/studio-2996204095-9126f/services/firebaseio.com [omitted]
[debug] [2026-02-08T21:30:08.054Z] <<< [apiv2][status] GET https://serviceusage.googleapis.com/v1/projects/studio-2996204095-9126f/services/firebasedataconnect.googleapis.com 200
[debug] [2026-02-08T21:30:08.054Z] <<< [apiv2][body] GET https://serviceusage.googleapis.com/v1/projects/studio-2996204095-9126f/services/firebasedataconnect.googleapis.com [omitted]
[debug] [2026-02-08T21:30:08.095Z] <<< [apiv2][status] GET https://serviceusage.googleapis.com/v1/projects/studio-2996204095-9126f/services/firebaseapphosting.googleapis.com 200
[debug] [2026-02-08T21:30:08.096Z] <<< [apiv2][body] GET https://serviceusage.googleapis.com/v1/projects/studio-2996204095-9126f/services/firebaseapphosting.googleapis.com [omitted]
[debug] [2026-02-08T21:30:08.120Z] <<< [apiv2][status] GET https://serviceusage.googleapis.com/v1/projects/studio-2996204095-9126f/services/cloudfunctions.googleapis.com 200
[debug] [2026-02-08T21:30:08.121Z] <<< [apiv2][body] GET https://serviceusage.googleapis.com/v1/projects/studio-2996204095-9126f/services/cloudfunctions.googleapis.com [omitted]
[error] Failed to fetch Firebase Project from Studio Workspace because WORKSPACE_SLUG environment variable is empty
[error] Failed to fetch Firebase Project from Studio Workspace because WORKSPACE_SLUG environment variable is empty
[error] Failed to fetch Firebase Project from Studio Workspace because WORKSPACE_SLUG environment variable is empty
[debug] [2026-02-08T21:30:08.133Z] > command requires scopes: ["email","openid","https://www.googleapis.com/auth/cloudplatformprojects.readonly","https://www.googleapis.com/auth/firebase","https://www.googleapis.com/auth/cloud-platform","https://www.googleapis.com/auth/userinfo.email"]
[debug] [2026-02-08T21:30:08.134Z] > authorizing via signed-in user (enquires@philswebdesign.com)
[debug] [2026-02-08T21:30:08.134Z] No OAuth tokens found
[debug] [2026-02-08T21:30:08.134Z] No OAuth tokens found
[debug] [2026-02-08T21:30:08.134Z] > command requires scopes: ["email","openid","https://www.googleapis.com/auth/cloudplatformprojects.readonly","https://www.googleapis.com/auth/firebase","https://www.googleapis.com/auth/cloud-platform","https://www.googleapis.com/auth/userinfo.email"]
[debug] [2026-02-08T21:30:08.134Z] > authorizing via signed-in user (enquires@philswebdesign.com)
[debug] [2026-02-08T21:30:08.135Z] >>> [apiv2][query] GET https://cloudbilling.googleapis.com/v1/projects/studio-2996204095-9126f/billingInfo [none]
[debug] [2026-02-08T21:30:08.318Z] <<< [apiv2][status] GET https://cloudbilling.googleapis.com/v1/projects/studio-2996204095-9126f/billingInfo 200
[debug] [2026-02-08T21:30:08.320Z] <<< [apiv2][body] GET https://cloudbilling.googleapis.com/v1/projects/studio-2996204095-9126f/billingInfo {"name":"projects/studio-2996204095-9126f/billingInfo","projectId":"studio-2996204095-9126f","billingAccountName":"","billingEnabled":false}
[error] Failed to fetch Firebase Project from Studio Workspace because WORKSPACE_SLUG environment variable is empty
[debug] [2026-02-08T21:30:08.323Z] > command requires scopes: ["email","openid","https://www.googleapis.com/auth/cloudplatformprojects.readonly","https://www.googleapis.com/auth/firebase","https://www.googleapis.com/auth/cloud-platform","https://www.googleapis.com/auth/userinfo.email"]
[debug] [2026-02-08T21:30:08.325Z] > authorizing via signed-in user (enquires@philswebdesign.com)
[error] Failed to fetch Firebase Project from Studio Workspace because WORKSPACE_SLUG environment variable is empty
[error] Failed to fetch Firebase Project from Studio Workspace because WORKSPACE_SLUG environment variable is empty
[error] Failed to fetch Firebase Project from Studio Workspace because WORKSPACE_SLUG environment variable is empty
[debug] [2026-02-08T21:30:08.356Z] > command requires scopes: ["email","openid","https://www.googleapis.com/auth/cloudplatformprojects.readonly","https://www.googleapis.com/auth/firebase","https://www.googleapis.com/auth/cloud-platform","https://www.googleapis.com/auth/userinfo.email"]
[debug] [2026-02-08T21:30:08.357Z] > authorizing via signed-in user (enquires@philswebdesign.com)
[debug] [2026-02-08T21:30:08.357Z] No OAuth tokens found
[debug] [2026-02-08T21:30:08.357Z] No OAuth tokens found
[debug] [2026-02-08T21:30:08.358Z] > command requires scopes: ["email","openid","https://www.googleapis.com/auth/cloudplatformprojects.readonly","https://www.googleapis.com/auth/firebase","https://www.googleapis.com/auth/cloud-platform","https://www.googleapis.com/auth/userinfo.email"]
[debug] [2026-02-08T21:30:08.358Z] > authorizing via signed-in user (enquires@philswebdesign.com)
[debug] [2026-02-08T21:30:08.359Z] >>> [apiv2][query] GET https://cloudbilling.googleapis.com/v1/projects/studio-2996204095-9126f/billingInfo [none]
[error] Failed to fetch Firebase Project from Studio Workspace because WORKSPACE_SLUG environment variable is empty
[error] Failed to fetch Firebase Project from Studio Workspace because WORKSPACE_SLUG environment variable is empty
[error] Failed to fetch Firebase Project from Studio Workspace because WORKSPACE_SLUG environment variable is empty
[debug] [2026-02-08T21:30:08.371Z] > command requires scopes: ["email","openid","https://www.googleapis.com/auth/cloudplatformprojects.readonly","https://www.googleapis.com/auth/firebase","https://www.googleapis.com/auth/cloud-platform","https://www.googleapis.com/auth/userinfo.email"]
[debug] [2026-02-08T21:30:08.371Z] > authorizing via signed-in user (enquires@philswebdesign.com)
[debug] [2026-02-08T21:30:08.372Z] No OAuth tokens found
[debug] [2026-02-08T21:30:08.372Z] No OAuth tokens found
[debug] [2026-02-08T21:30:08.372Z] > command requires scopes: ["email","openid","https://www.googleapis.com/auth/cloudplatformprojects.readonly","https://www.googleapis.com/auth/firebase","https://www.googleapis.com/auth/cloud-platform","https://www.googleapis.com/auth/userinfo.email"]
[debug] [2026-02-08T21:30:08.372Z] > authorizing via signed-in user (enquires@philswebdesign.com)
[debug] [2026-02-08T21:30:08.372Z] >>> [apiv2][query] GET https://cloudbilling.googleapis.com/v1/projects/studio-2996204095-9126f/billingInfo [none]
[debug] [2026-02-08T21:30:08.630Z] <<< [apiv2][status] GET https://cloudbilling.googleapis.com/v1/projects/studio-2996204095-9126f/billingInfo 200
[debug] [2026-02-08T21:30:08.630Z] <<< [apiv2][body] GET https://cloudbilling.googleapis.com/v1/projects/studio-2996204095-9126f/billingInfo {"name":"projects/studio-2996204095-9126f/billingInfo","projectId":"studio-2996204095-9126f","billingAccountName":"","billingEnabled":false}
[error] Failed to fetch Firebase Project from Studio Workspace because WORKSPACE_SLUG environment variable is empty
[debug] [2026-02-08T21:30:08.638Z] > command requires scopes: ["email","openid","https://www.googleapis.com/auth/cloudplatformprojects.readonly","https://www.googleapis.com/auth/firebase","https://www.googleapis.com/auth/cloud-platform","https://www.googleapis.com/auth/userinfo.email"]
[debug] [2026-02-08T21:30:08.638Z] > authorizing via signed-in user (enquires@philswebdesign.com)
[debug] [2026-02-08T21:30:08.949Z] <<< [apiv2][status] GET https://cloudbilling.googleapis.com/v1/projects/studio-2996204095-9126f/billingInfo 200
[debug] [2026-02-08T21:30:08.950Z] <<< [apiv2][body] GET https://cloudbilling.googleapis.com/v1/projects/studio-2996204095-9126f/billingInfo {"name":"projects/studio-2996204095-9126f/billingInfo","projectId":"studio-2996204095-9126f","billingAccountName":"","billingEnabled":false}
[error] Failed to fetch Firebase Project from Studio Workspace because WORKSPACE_SLUG environment variable is empty
[debug] [2026-02-08T21:30:08.959Z] > command requires scopes: ["email","openid","https://www.googleapis.com/auth/cloudplatformprojects.readonly","https://www.googleapis.com/auth/firebase","https://www.googleapis.com/auth/cloud-platform","https://www.googleapis.com/auth/userinfo.email"]
[debug] [2026-02-08T21:30:08.959Z] > authorizing via signed-in user (enquires@philswebdesign.com)
